2019-06-27 22:15:20,955 INFO o.a.j.u.JMeterUtils: Setting Locale to en_EN
2019-06-27 22:15:20,977 INFO o.a.j.JMeter: Loading user properties from: /opt/apache-jmeter-5.1.1/bin/user.properties
2019-06-27 22:15:20,978 INFO o.a.j.JMeter: Loading system properties from: /opt/apache-jmeter-5.1.1/bin/system.properties
2019-06-27 22:15:20,983 INFO o.a.j.JMeter: Copyright (c) 1998-2019 The Apache Software Foundation
2019-06-27 22:15:20,983 INFO o.a.j.JMeter: Version 5.1.1 r1855137
2019-06-27 22:15:20,983 INFO o.a.j.JMeter: java.version=11.0.1
2019-06-27 22:15:20,983 INFO o.a.j.JMeter: java.vm.name=OpenJDK 64-Bit Server VM
2019-06-27 22:15:20,983 INFO o.a.j.JMeter: os.name=Linux
2019-06-27 22:15:20,983 INFO o.a.j.JMeter: os.arch=amd64
2019-06-27 22:15:20,983 INFO o.a.j.JMeter: os.version=4.20.13-200.fc29.x86_64
2019-06-27 22:15:20,983 INFO o.a.j.JMeter: file.encoding=UTF-8
2019-06-27 22:15:20,983 INFO o.a.j.JMeter: java.awt.headless=null
2019-06-27 22:15:20,983 INFO o.a.j.JMeter: Max memory     =1073741824
2019-06-27 22:15:20,984 INFO o.a.j.JMeter: Available Processors =8
2019-06-27 22:15:20,991 INFO o.a.j.JMeter: Default Locale=English (EN)
2019-06-27 22:15:20,991 INFO o.a.j.JMeter: JMeter  Locale=English (EN)
2019-06-27 22:15:20,992 INFO o.a.j.JMeter: JMeterHome=/opt/apache-jmeter-5.1.1
2019-06-27 22:15:20,992 INFO o.a.j.JMeter: user.dir  =/home/dyduch/Projects/guide-me
2019-06-27 22:15:20,992 INFO o.a.j.JMeter: PWD       =/home/dyduch/Projects/guide-me
2019-06-27 22:15:20,997 INFO o.a.j.JMeter: IP: 192.168.0.59 Name: fedora.ftw FullName: fedora.ftw
2019-06-27 22:15:21,290 INFO o.a.j.g.a.LookAndFeelCommand: Installing Darcula LAF
2019-06-27 22:15:21,321 INFO o.a.j.g.a.LookAndFeelCommand: Using look and feel: com.bulenkov.darcula.DarculaLaf [Darcula]
2019-06-27 22:15:21,321 INFO o.a.j.JMeter: Setting LAF to: com.bulenkov.darcula.DarculaLaf
2019-06-27 22:15:21,382 INFO o.a.j.JMeter: Loaded icon properties from org/apache/jmeter/images/icon.properties
2019-06-27 22:15:22,628 INFO o.a.j.p.h.s.HTTPSamplerBase: Parser for text/html is org.apache.jmeter.protocol.http.parser.LagartoBasedHtmlParser
2019-06-27 22:15:22,630 INFO o.a.j.p.h.s.HTTPSamplerBase: Parser for application/xhtml+xml is org.apache.jmeter.protocol.http.parser.LagartoBasedHtmlParser
2019-06-27 22:15:22,630 INFO o.a.j.p.h.s.HTTPSamplerBase: Parser for application/xml is org.apache.jmeter.protocol.http.parser.LagartoBasedHtmlParser
2019-06-27 22:15:22,630 INFO o.a.j.p.h.s.HTTPSamplerBase: Parser for text/xml is org.apache.jmeter.protocol.http.parser.LagartoBasedHtmlParser
2019-06-27 22:15:22,630 INFO o.a.j.p.h.s.HTTPSamplerBase: Parser for text/vnd.wap.wml is org.apache.jmeter.protocol.http.parser.RegexpHTMLParser
2019-06-27 22:15:22,630 INFO o.a.j.p.h.s.HTTPSamplerBase: Parser for text/css is org.apache.jmeter.protocol.http.parser.CssParser
2019-06-27 22:15:22,936 INFO o.a.j.e.KeyToolUtils: keytool found at 'keytool'
2019-06-27 22:15:22,936 INFO o.a.j.p.h.p.ProxyControl: HTTP(S) Test Script Recorder SSL Proxy will use keys that support embedded 3rd party resources in file /opt/apache-jmeter-5.1.1/bin/proxyserver.jks
2019-06-27 22:15:23,050 INFO o.a.j.s.FileServer: Default base='/home/dyduch/Projects/guide-me'
2019-06-27 22:15:23,312 INFO o.a.j.s.SampleResult: Note: Sample TimeStamps are START times
2019-06-27 22:15:23,312 INFO o.a.j.s.SampleResult: sampleresult.default.encoding is set to ISO-8859-1
2019-06-27 22:15:23,312 INFO o.a.j.s.SampleResult: sampleresult.useNanoTime=true
2019-06-27 22:15:23,312 INFO o.a.j.s.SampleResult: sampleresult.nanoThreadSleep=5000
2019-06-27 22:15:23,330 INFO o.a.j.v.ViewResultsFullVisualizer: Add JavaFX to your Java installation if you want to use renderer: org.apache.jmeter.visualizers.RenderInBrowser
